Dec 14 14:59:31 Erased: firewalld-0.4.3.2-8.el7.noarch
Dec 14 14:59:31 Erased: kexec-tools-2.0.7-50.el7.x86_64
Dec 14 14:59:31 Erased: 32:bind-utils-9.9.4-38.el7_3.x86_64
Dec 14 14:59:31 Erased: dracut-network-033-463.el7.x86_64
Dec 14 14:59:32 Erased: 12:dhclient-4.2.5-47.el7.centos.x86_64
Dec 14 14:59:32 Erased: python-firewall-0.4.3.2-8.el7.noarch
Dec 14 14:59:32 Erased: python-slip-dbus-0.4.0-2.el7.noarch
Dec 14 14:59:32 Erased: python-slip-0.4.0-2.el7.noarch
Dec 14 14:59:32 Erased: 12:dhcp-common-4.2.5-47.el7.centos.x86_64
Dec 14 14:59:32 Erased: initscripts-9.49.37-1.el7.x86_64
Dec 14 14:59:32 Erased: iproute-3.10.0-74.el7.x86_64
Dec 14 14:59:32 Erased: iptables-1.4.21-17.el7.x86_64
Dec 14 14:59:32 Erased: libnetfilter_conntrack-1.0.4-2.el7.x86_64
Dec 14 14:59:32 Erased: 32:bind-libs-lite-9.9.4-38.el7_3.x86_64
Dec 14 14:59:32 Erased: 32:bind-libs-9.9.4-38.el7_3.x86_64
Dec 14 14:59:32 Erased: ipset-6.19-6.el7.x86_64
Dec 14 14:59:32 Erased: ipset-libs-6.19-6.el7.x86_64
Dec 14 14:59:32 Erased: less-458-9.el7.x86_64
Dec 14 14:59:32 Erased: e2fsprogs-1.42.9-9.el7.x86_64
Dec 14 14:59:32 Erased: 12:dhcp-libs-4.2.5-47.el7.centos.x86_64
Dec 14 14:59:32 Erased: python-decorator-3.4.0-3.el7.noarch
Dec 14 14:59:33 Erased: firewalld-filesystem-0.4.3.2-8.el7.noarch
Dec 14 14:59:33 Erased: linux-firmware-20160830-49.git7534e19.el7.noarch
Dec 14 14:59:33 Erased: e2fsprogs-libs-1.42.9-9.el7.x86_64
Dec 14 14:59:33 Erased: groff-base-1.22.2-8.el7.x86_64
Dec 14 14:59:33 Erased: libmnl-1.0.3-7.el7.x86_64
Dec 14 14:59:33 Erased: GeoIP-1.5.0-11.el7.x86_64
Dec 14 14:59:33 Erased: libnfnetlink-1.0.1-4.el7.x86_64
Dec 14 14:59:33 Erased: sysvinit-tools-2.88-14.dsf.el7.x86_64
Dec 14 14:59:33 Erased: libselinux-python-2.5-6.el7.x86_64
Dec 14 14:59:33 Erased: 2:ethtool-4.5-3.el7.x86_64
Dec 14 14:59:33 Erased: lzo-2.06-8.el7.x86_64
Dec 14 14:59:33 Erased: snappy-1.1.0-3.el7.x86_64
Dec 14 14:59:33 Erased: ebtables-2.0.10-15.el7.x86_64
Dec 14 14:59:33 Erased: grubby-8.28-18.el7.x86_64
Sep 13 00:39:18 Installed: gpm-libs-1.20.7-6.el7.x86_64
Sep 13 00:39:18 Installed: 2:vim-filesystem-7.4.629-6.el7.x86_64
Sep 13 00:39:19 Installed: 2:vim-common-7.4.629-6.el7.x86_64
Sep 13 00:39:20 Installed: groff-base-1.22.2-8.el7.x86_64
Sep 13 00:39:20 Installed: 1:perl-parent-0.225-244.el7.noarch
Sep 13 00:39:20 Installed: perl-HTTP-Tiny-0.033-3.el7.noarch
Sep 13 00:39:20 Installed: perl-podlators-2.5.1-3.el7.noarch
Sep 13 00:39:20 Installed: perl-Pod-Perldoc-3.20-4.el7.noarch
Sep 13 00:39:20 Installed: 1:perl-Pod-Escapes-1.04-295.el7.noarch
Sep 13 00:39:20 Installed: perl-Text-ParseWords-3.29-4.el7.noarch
Sep 13 00:39:20 Installed: perl-Encode-2.51-7.el7.x86_64
Sep 13 00:39:20 Installed: perl-Pod-Usage-1.63-3.el7.noarch
Sep 13 00:39:21 Installed: 4:perl-libs-5.16.3-295.el7.x86_64
Sep 13 00:39:21 Installed: 4:perl-macros-5.16.3-295.el7.x86_64
Sep 13 00:39:21 Installed: perl-Storable-2.45-3.el7.x86_64
Sep 13 00:39:21 Installed: perl-Exporter-5.68-3.el7.noarch
Sep 13 00:39:21 Installed: perl-constant-1.27-2.el7.noarch
Sep 13 00:39:21 Installed: perl-Socket-2.010-5.el7.x86_64
Sep 13 00:39:21 Installed: perl-Time-Local-1.2300-2.el7.noarch
Sep 13 00:39:21 Installed: perl-Carp-1.26-244.el7.noarch
Sep 13 00:39:21 Installed: 4:perl-Time-HiRes-1.9725-3.el7.x86_64
Sep 13 00:39:21 Installed: perl-PathTools-3.40-5.el7.x86_64
Sep 13 00:39:21 Installed: perl-Scalar-List-Utils-1.27-248.el7.x86_64
Sep 13 00:39:21 Installed: perl-File-Temp-0.23.01-3.el7.noarch
Sep 13 00:39:21 Installed: perl-File-Path-2.09-2.el7.noarch
Sep 13 00:39:21 Installed: perl-threads-shared-1.43-6.el7.x86_64
Sep 13 00:39:21 Installed: perl-threads-1.87-4.el7.x86_64
Sep 13 00:39:21 Installed: perl-Filter-1.49-3.el7.x86_64
Sep 13 00:39:21 Installed: 1:perl-Pod-Simple-3.28-4.el7.noarch
Sep 13 00:39:21 Installed: perl-Getopt-Long-2.40-3.el7.noarch
Sep 13 00:39:22 Installed: 4:perl-5.16.3-295.el7.x86_64
Sep 13 00:39:23 Installed: which-2.20-7.el7.x86_64
Sep 13 00:39:23 Installed: 2:vim-enhanced-7.4.629-6.el7.x86_64
Sep 13 00:39:23 Installed: wget-1.14-18.el7_6.1.x86_64
Sep 13 00:40:05 Updated: yum-utils-1.1.31-54.el7_8.noarch
Sep 13 00:40:19 Installed: python-srpm-macros-3-32.el7.noarch
Sep 13 00:40:19 Installed: python-rpm-macros-3-32.el7.noarch
Sep 13 00:40:19 Updated: 1:openssl-libs-1.0.2k-19.el7.x86_64
Sep 13 00:40:19 Installed: python3-rpm-macros-3-32.el7.noarch
Sep 13 00:40:19 Installed: zip-3.0-11.el7.x86_64
Sep 13 00:40:19 Installed: perl-srpm-macros-1-8.el7.noarch
Sep 13 00:40:19 Installed: dwz-0.11-3.el7.x86_64
Sep 13 00:40:19 Installed: redhat-rpm-config-9.1.0-88.el7.centos.noarch
Sep 13 00:40:20 Installed: libtirpc-0.2.4-0.16.el7.x86_64
Sep 13 00:40:20 Installed: python3-pip-9.0.3-7.el7_7.noarch
Sep 13 00:40:21 Installed: python3-setuptools-39.2.0-10.el7.noarch
Sep 13 00:40:21 Installed: python3-3.6.8-13.el7.x86_64
Sep 13 00:40:22 Installed: python3-libs-3.6.8-13.el7.x86_64
Sep 13 00:40:22 Installed: python3-rpm-generators-6-2.el7.noarch
Sep 13 00:40:22 Installed: python3-devel-3.6.8-13.el7.x86_64
Sep 13 00:40:24 Installed: centos-release-scl-rh-2-3.el7.centos.noarch
Sep 13 00:40:24 Installed: centos-release-scl-2-3.el7.centos.noarch
Sep 13 00:45:48 Updated: libgcc-4.8.5-39.el7.x86_64
Sep 13 00:45:52 Updated: glibc-common-2.17-307.el7.1.x86_64
Sep 13 00:45:53 Updated: glibc-2.17-307.el7.1.x86_64
Sep 13 00:45:54 Updated: libstdc++-4.8.5-39.el7.x86_64
Sep 13 00:45:55 Updated: 1:gmp-6.0.0-15.el7.x86_64
Sep 13 00:45:56 Updated: elfutils-libelf-0.176-4.el7.x86_64
Sep 13 00:45:56 Updated: libffi-3.0.13-19.el7.x86_64
Sep 13 00:45:57 Installed: xorg-x11-proto-devel-2018.4-1.el7.noarch
Sep 13 00:45:57 Installed: 1:libglvnd-1.0.1-0.8.git5baa1e5.el7.x86_64
Sep 13 00:45:57 Updated: rpm-4.11.3-43.el7.x86_64
Sep 13 00:45:58 Updated: rpm-libs-4.11.3-43.el7.x86_64
Sep 13 00:45:59 Installed: mpfr-3.1.1-4.el7.x86_64
Sep 13 00:46:00 Updated: file-libs-5.11-36.el7.x86_64
Sep 13 00:46:01 Installed: mesa-libglapi-18.3.4-7.el7_8.1.x86_64
Sep 13 00:46:01 Installed: libmpc-1.0.1-3.el7.x86_64
Sep 13 00:46:02 Updated: 1:dbus-libs-1.10.24-14.el7_8.x86_64
Sep 13 00:46:03 Updated: rpm-build-libs-4.11.3-43.el7.x86_64
Sep 13 00:46:03 Installed: libwayland-server-1.15.0-1.el7.x86_64
Sep 13 00:46:04 Installed: 2:libpng-1.5.13-7.el7_2.x86_64
Sep 13 00:46:05 Installed: freetype-2.8-14.el7.x86_64
Sep 13 00:46:06 Installed: libXau-1.0.8-2.1.el7.x86_64
Sep 13 00:46:06 Installed: libxcb-1.13-1.el7.x86_64
Sep 13 00:46:07 Installed: libICE-1.0.9-9.el7.x86_64
Sep 13 00:46:07 Installed: libxshmfence-1.2-1.el7.x86_64
Sep 13 00:46:07 Installed: fontpackages-filesystem-1.44-8.el7.noarch
Sep 13 00:46:08 Installed: kernel-headers-3.10.0-1127.19.1.el7.x86_64
Sep 13 00:46:08 Installed: mesa-khr-devel-18.3.4-7.el7_8.1.x86_64
Sep 13 00:46:09 Installed: glibc-headers-2.17-307.el7.1.x86_64
Sep 13 00:46:09 Installed: glibc-devel-2.17-307.el7.1.x86_64
Sep 13 00:46:09 Installed: dejavu-fonts-common-2.33-6.el7.noarch
Sep 13 00:46:10 Installed: dejavu-sans-fonts-2.33-6.el7.noarch
Sep 13 00:46:12 Installed: fontconfig-2.13.0-4.3.el7.x86_64
Sep 13 00:46:12 Installed: libSM-1.2.2-2.el7.x86_64
Sep 13 00:46:13 Installed: xcb-util-0.4.0-2.el7.x86_64
Sep 13 00:46:14 Installed: xcb-util-image-0.4.0-2.el7.x86_64
Sep 13 00:46:14 Installed: xcb-util-wm-0.4.1-5.el7.x86_64
Sep 13 00:46:15 Installed: xcb-util-keysyms-0.4.0-1.el7.x86_64
Sep 13 00:46:15 Installed: xcb-util-renderutil-0.3.9-3.el7.x86_64
Sep 13 00:46:15 Installed: libXau-devel-1.0.8-2.1.el7.x86_64
Sep 13 00:46:16 Installed: libxcb-devel-1.13-1.el7.x86_64
Sep 13 00:46:16 Installed: avahi-libs-0.6.31-20.el7.x86_64
Sep 13 00:46:17 Installed: 1:cups-libs-1.6.3-43.el7.x86_64
Sep 13 00:46:18 Installed: cpp-4.8.5-39.el7.x86_64
Sep 13 00:46:18 Installed: file-5.11-36.el7.x86_64
Sep 13 00:46:19 Installed: 1:libglvnd-opengl-1.0.1-0.8.git5baa1e5.el7.x86_64
Sep 13 00:46:19 Installed: libffi-devel-3.0.13-19.el7.x86_64
Sep 13 00:46:19 Installed: hscolour-1.20.3-9.el7.x86_64
Sep 13 00:46:20 Installed: libwayland-client-1.15.0-1.el7.x86_64
Sep 13 00:46:20 Installed: ghc-base-4.6.0.1-26.4.el7.x86_64
Sep 13 00:46:21 Installed: prelink-0.5.0-9.el7.x86_64
Sep 13 00:46:21 Installed: 1:gmp-devel-6.0.0-15.el7.x86_64
Sep 13 00:46:22 Installed: graphite2-1.3.10-1.el7_3.x86_64
Sep 13 00:46:23 Installed: harfbuzz-1.7.5-2.el7.x86_64
Sep 13 00:46:24 Installed: libicu-50.2-4.el7_7.x86_64
Sep 13 00:46:24 Installed: libstdc++-devel-4.8.5-39.el7.x86_64
Sep 13 00:46:25 Installed: lksctp-tools-1.0.17-2.el7.x86_64
Sep 13 00:46:25 Installed: erlang-crypto-R16B-03.18.el7.x86_64
Sep 13 00:46:25 Installed: erlang-kernel-R16B-03.18.el7.x86_64
Sep 13 00:46:25 Installed: erlang-stdlib-R16B-03.18.el7.x86_64
Sep 13 00:46:26 Installed: erlang-erts-R16B-03.18.el7.x86_64
Sep 13 00:46:27 Installed: erlang-syntax_tools-R16B-03.18.el7.x86_64
Sep 13 00:46:27 Installed: erlang-compiler-R16B-03.18.el7.x86_64
Sep 13 00:46:27 Installed: erlang-hipe-R16B-03.18.el7.x86_64
Sep 13 00:46:27 Installed: unzip-6.0-21.el7.x86_64
Sep 13 00:46:28 Installed: libzstd-1.4.5-3.el7.x86_64
Sep 13 00:46:28 Installed: scl-utils-20130529-19.el7.x86_64
Sep 13 00:46:28 Installed: rh-python38-runtime-2.0-4.el7.x86_64
Sep 13 00:46:28 Installed: bzip2-1.0.6-13.el7.x86_64
Sep 13 00:46:29 Installed: libgomp-4.8.5-39.el7.x86_64
Sep 13 00:46:30 Installed: gcc-4.8.5-39.el7.x86_64
Sep 13 00:46:33 Installed: ghc-compiler-7.6.3-26.4.el7.x86_64
Sep 13 00:46:36 Installed: ghc-base-devel-4.6.0.1-26.4.el7.x86_64
Sep 13 00:46:37 Installed: gcc-c++-4.8.5-39.el7.x86_64
Sep 13 00:46:37 Installed: patch-2.7.1-12.el7_7.x86_64
Sep 13 00:46:37 Installed: libjpeg-turbo-1.2.90-8.el7.x86_64
Sep 13 00:46:38 Installed: 1:libuv-1.38.0-2.el7.x86_64
Sep 13 00:46:39 Installed: pcre2-utf16-10.23-2.el7.x86_64
Sep 13 00:46:39 Installed: gdb-7.6.1-119.el7.x86_64
Sep 13 00:46:40 Installed: rhash-1.3.4-2.el7.x86_64
Sep 13 00:46:40 Installed: qt5-rpm-macros-5.9.7-2.el7.noarch
Sep 13 00:46:40 Installed: libX11-common-1.6.7-2.el7.noarch
Sep 13 00:46:41 Installed: libX11-1.6.7-2.el7.x86_64
Sep 13 00:46:41 Installed: libXext-1.3.3-3.el7.x86_64
Sep 13 00:46:42 Installed: libX11-devel-1.6.7-2.el7.x86_64
Sep 13 00:46:42 Installed: libXext-devel-1.3.3-3.el7.x86_64
Sep 13 00:46:42 Installed: libXfixes-5.0.3-1.el7.x86_64
Sep 13 00:46:42 Installed: libXfixes-devel-5.0.3-1.el7.x86_64
Sep 13 00:46:43 Installed: libXdamage-1.1.4-4.1.el7.x86_64
Sep 13 00:46:43 Installed: libXdamage-devel-1.1.4-4.1.el7.x86_64
Sep 13 00:46:43 Installed: libXxf86vm-1.1.4-1.el7.x86_64
Sep 13 00:46:43 Installed: libXxf86vm-devel-1.1.4-1.el7.x86_64
Sep 13 00:46:44 Installed: libXi-1.7.9-1.el7.x86_64
Sep 13 00:46:44 Installed: perl-Thread-Queue-3.02-2.el7.noarch
Sep 13 00:46:44 Installed: 1:emacs-filesystem-24.3-23.el7.noarch
Sep 13 00:46:45 Installed: cmake3-data-3.17.3-3.el7.noarch
Sep 13 00:46:46 Installed: cmake3-3.17.3-3.el7.x86_64
Sep 13 00:46:47 Installed: hwdata-0.252-9.5.el7.x86_64
Sep 13 00:46:48 Installed: libpciaccess-0.14-1.el7.x86_64
Sep 13 00:46:48 Installed: libdrm-2.4.97-2.el7.x86_64
Sep 13 00:46:49 Installed: 1:libglvnd-glx-1.0.1-0.8.git5baa1e5.el7.x86_64
Sep 13 00:46:50 Installed: mesa-libGL-18.3.4-7.el7_8.1.x86_64
Sep 13 00:46:50 Installed: libdrm-devel-2.4.97-2.el7.x86_64
Sep 13 00:46:50 Installed: mesa-libgbm-18.3.4-7.el7_8.1.x86_64
Sep 13 00:46:51 Installed: 1:libglvnd-egl-1.0.1-0.8.git5baa1e5.el7.x86_64
Sep 13 00:46:52 Installed: mesa-libEGL-18.3.4-7.el7_8.1.x86_64
Sep 13 00:46:52 Installed: 1:libglvnd-gles-1.0.1-0.8.git5baa1e5.el7.x86_64
Sep 13 00:46:52 Installed: glx-utils-8.3.0-10.el7.x86_64
Sep 13 00:46:52 Installed: qt5-qtbase-common-5.9.7-2.el7.noarch
Sep 13 00:46:53 Installed: qt5-qtbase-5.9.7-2.el7.x86_64
Sep 13 00:46:55 Installed: qt5-qtbase-gui-5.9.7-2.el7.x86_64
Sep 13 00:46:55 Installed: 1:libglvnd-core-devel-1.0.1-0.8.git5baa1e5.el7.x86_64
Sep 13 00:46:55 Installed: 1:libglvnd-devel-1.0.1-0.8.git5baa1e5.el7.x86_64
Sep 13 00:46:55 Installed: mesa-libEGL-devel-18.3.4-7.el7_8.1.x86_64
Sep 13 00:46:55 Installed: elfutils-default-yama-scope-0.176-4.el7.noarch
Sep 13 00:46:56 Updated: elfutils-libs-0.176-4.el7.x86_64
Sep 13 00:46:56 Installed: elfutils-0.176-4.el7.x86_64
Sep 13 00:46:56 Installed: rpm-build-4.11.3-43.el7.x86_64
Sep 13 00:46:56 Installed: gl-manpages-1.1-7.20130122.el7.noarch
Sep 13 00:46:56 Installed: mesa-libGL-devel-18.3.4-7.el7_8.1.x86_64
Sep 13 00:46:57 Installed: qt5-qtbase-devel-5.9.7-2.el7.x86_64
Sep 13 00:46:57 Installed: python2-rpm-macros-3-32.el7.noarch
Sep 13 00:46:57 Installed: epel-rpm-macros-7-25.noarch
Sep 13 00:46:57 Installed: kf5-rpm-macros-5.52.0-1.el7.noarch
Sep 13 00:46:57 Installed: erlang-rpm-macros-0.1.4-1.el7.noarch
Sep 13 00:46:57 Installed: ghc-rpm-macros-1.0.12-1.el7.x86_64
Sep 13 00:46:57 Installed: rh-python38-python-rpm-macros-3.8.0-15.el7.noarch
Sep 13 00:46:58 Installed: rh-python38-python-srpm-macros-3.8.0-15.el7.noarch
Sep 13 00:46:58 Updated: rpm-python-4.11.3-43.el7.x86_64
Sep 13 00:46:58 Updated: 1:dbus-1.10.24-14.el7_8.x86_64
Sep 13 00:46:58 Installed: 1:blender-rpm-macros-2.68a-8.el7.noarch
Sep 13 00:46:58 Installed: python-qt5-rpm-macros-5.12.1-3.el7.noarch
Sep 13 00:46:58 Installed: ocaml-srpm-macros-5-2.el7.noarch
Sep 13 00:46:58 Installed: openblas-srpm-macros-1-1.el7.noarch
Sep 13 00:46:58 Installed: python3-other-rpm-macros-3-26.el7.noarch
Sep 13 00:46:58 Installed: blis-srpm-macros-0.7.0-6.el7.noarch
Sep 13 01:12:58 Updated: zlib-1.2.7-18.el7.x86_64
Sep 13 01:12:59 Updated: nspr-4.21.0-1.el7.x86_64
Sep 13 01:13:00 Updated: nss-util-3.44.0-4.el7_7.x86_64
Sep 13 01:13:00 Updated: libcom_err-1.42.9-17.el7.x86_64
Sep 13 01:13:01 Updated: libxml2-2.9.1-6.el7.4.x86_64
Sep 13 01:13:01 Updated: libuuid-2.23.2-63.el7.x86_64
Sep 13 01:13:02 Updated: audit-libs-2.8.5-4.el7.x86_64
Sep 13 01:13:03 Updated: libsepol-2.5-10.el7.x86_64
Sep 13 01:13:03 Updated: libblkid-2.23.2-63.el7.x86_64
Sep 13 01:13:04 Installed: libXrender-0.9.10-1.el7.x86_64
Sep 13 01:13:04 Updated: pcre-8.32-17.el7.x86_64
Sep 13 01:13:05 Updated: libselinux-2.5-15.el7.x86_64
Sep 13 01:13:06 Updated: krb5-libs-1.15.1-46.el7.x86_64
Sep 13 01:13:06 Updated: cyrus-sasl-lib-2.1.26-23.el7.x86_64
Sep 13 01:13:07 Updated: libmount-2.23.2-63.el7.x86_64
Sep 13 01:13:08 Updated: glib2-2.56.1-5.el7.x86_64
Sep 13 01:13:08 Installed: lz4-1.7.5-3.el7.x86_64
Sep 13 01:13:09 Updated: systemd-libs-219-73.el7_8.9.x86_64
Sep 13 01:13:10 Updated: libsemanage-2.5-14.el7.x86_64
Sep 13 01:13:10 Installed: libxslt-1.1.28-5.el7.x86_64
Sep 13 01:13:10 Installed: nspr-devel-4.21.0-1.el7.x86_64
Sep 13 01:13:11 Installed: m4-1.4.16-10.el7.x86_64
Sep 13 01:13:12 Installed: libnl3-3.2.28-4.el7.x86_64
Sep 13 01:13:12 Installed: 1:make-3.82-24.el7.x86_64
Sep 13 01:13:12 Installed: nss-util-devel-3.44.0-4.el7_7.x86_64
Sep 13 01:13:13 Installed: libcroco-0.6.12-4.el7.x86_64
Sep 13 01:13:13 Installed: pcre-devel-8.32-17.el7.x86_64
Sep 13 01:13:13 Installed: libuuid-devel-2.23.2-63.el7.x86_64
Sep 13 01:13:13 Updated: nss-softokn-freebl-3.44.0-8.el7_7.x86_64
Sep 13 01:13:14 Updated: nss-softokn-3.44.0-8.el7_7.x86_64
Sep 13 01:13:14 Installed: nss-pem-1.0.3-7.el7.x86_64
Sep 13 01:13:14 Updated: nss-sysinit-3.44.0-7.el7_7.x86_64
Sep 13 01:13:14 Updated: nss-3.44.0-7.el7_7.x86_64
Sep 13 01:13:14 Installed: zlib-devel-1.2.7-18.el7.x86_64
Sep 13 01:13:15 Updated: expat-2.1.0-11.el7.x86_64
Sep 13 01:13:15 Installed: snappy-1.1.0-3.el7.x86_64
Sep 13 01:13:16 Installed: libunistring-0.9.3-9.el7.x86_64
Sep 13 01:13:16 Installed: checkpolicy-2.5-8.el7.x86_64
Sep 13 01:13:17 Installed: userspace-rcu-0.7.16-1.el7.x86_64
Sep 13 01:13:17 Installed: sysvinit-tools-2.88-14.dsf.el7.x86_64
Sep 13 01:13:17 Installed: libnfnetlink-1.0.1-4.el7.x86_64
Sep 13 01:13:18 Installed: libXcomposite-0.4.4-4.1.el7.x86_64
Sep 13 01:13:19 Installed: libmnl-1.0.3-7.el7.x86_64
Sep 13 01:13:19 Updated: centos-release-7-8.2003.0.el7.centos.x86_64
Sep 13 01:13:19 Installed: libnetfilter_conntrack-1.0.6-1.el7_3.x86_64
Sep 13 01:13:20 Installed: iptables-1.4.21-34.el7.x86_64
Sep 13 01:13:20 Installed: iproute-4.11.0-25.el7_7.2.x86_64
Sep 13 01:13:20 Installed: userspace-rcu-devel-0.7.16-1.el7.x86_64
Sep 13 01:13:21 Installed: lttng-ust-2.4.1-4.el7.x86_64
Sep 13 01:13:22 Installed: leveldb-1.12.0-11.el7.x86_64
Sep 13 01:13:22 Installed: mailx-12.5-19.el7.x86_64
Sep 13 01:13:22 Installed: redhat-lsb-submod-security-4.1-27.el7.centos.1.x86_64
Sep 13 01:13:22 Updated: nss-tools-3.44.0-7.el7_7.x86_64
Sep 13 01:13:23 Updated: openldap-2.4.44-21.el7_6.x86_64
Sep 13 01:13:23 Installed: nss-softokn-freebl-devel-3.44.0-8.el7_7.x86_64
Sep 13 01:13:23 Installed: nss-softokn-devel-3.44.0-8.el7_7.x86_64
Sep 13 01:13:23 Installed: libnl3-cli-3.2.28-4.el7.x86_64
Sep 13 01:13:24 Installed: librdkafka-0.11.5-1.el7.x86_64
Sep 13 01:13:24 Installed: atk-2.28.1-2.el7.x86_64
Sep 13 01:13:25 Installed: libbabeltrace-1.2.4-3.el7.x86_64
Sep 13 01:13:26 Installed: 1:cups-client-1.6.3-43.el7.x86_64
Sep 13 01:13:26 Installed: libkadm5-1.15.1-46.el7.x86_64
Sep 13 01:13:27 Installed: setools-libs-3.3.8-4.el7.x86_64
Sep 13 01:13:27 Installed: libselinux-utils-2.5-15.el7.x86_64
Sep 13 01:13:27 Installed: spax-1.5.2-13.el7.x86_64
Sep 13 01:13:28 Installed: libXcursor-1.1.15-1.el7.x86_64
Sep 13 01:13:29 Installed: libXrandr-1.5.1-2.el7.x86_64
Sep 13 01:13:29 Installed: libXft-2.3.2-2.el7.x86_64
Sep 13 01:13:30 Installed: xfsprogs-4.5.0-20.el7.x86_64
Sep 13 01:13:30 Installed: libsepol-devel-2.5-10.el7.x86_64
Sep 13 01:13:30 Installed: libselinux-devel-2.5-15.el7.x86_64
Sep 13 01:13:30 Installed: libcom_err-devel-1.42.9-17.el7.x86_64
Sep 13 01:13:31 Updated: libssh2-1.8.0-3.el7.x86_64
Sep 13 01:13:31 Updated: libcurl-7.29.0-57.el7_8.1.x86_64
Sep 13 01:13:32 Installed: libfontenc-1.1.3-3.el7.x86_64
Sep 13 01:13:32 Installed: 1:xorg-x11-font-utils-7.5-21.el7.x86_64
Sep 13 01:13:32 Installed: ttmkfdir-3.0.9-42.el7.x86_64
Sep 13 01:13:33 Installed: xorg-x11-fonts-Type1-7.5-9.el7.noarch
Sep 13 01:13:33 Installed: ssmtp-2.64-14.el7.x86_64
Sep 13 01:13:34 Installed: jbigkit-libs-2.0-11.el7.x86_64
Sep 13 01:13:34 Installed: libtiff-4.0.3-32.el7.x86_64
Sep 13 01:13:35 Installed: libwebp-0.3.0-7.el7.x86_64
Sep 13 01:13:36 Installed: json-c-0.11-4.el7_0.x86_64
Sep 13 01:13:36 Updated: cryptsetup-libs-2.0.3-6.el7.x86_64
Sep 13 01:13:39 Updated: systemd-219-73.el7_8.9.x86_64
Sep 13 01:13:39 Installed: crontabs-1.11-6.20121102git.el7.noarch
Sep 13 01:13:39 Installed: cronie-anacron-1.4.11-23.el7.x86_64
Sep 13 01:13:40 Installed: cronie-1.4.11-23.el7.x86_64
Sep 13 01:13:41 Installed: at-3.1.13-24.el7.x86_64
Sep 13 01:13:42 Installed: libcgroup-0.41-21.el7.x86_64
Sep 13 01:13:43 Installed: libthai-0.1.14-9.el7.x86_64
Sep 13 01:13:43 Installed: perl-Data-Dumper-2.145-3.el7.x86_64
Sep 13 01:13:44 Installed: autoconf-2.69-11.el7.noarch
Sep 13 01:13:45 Installed: 1:valgrind-3.15.0-11.el7.x86_64
Sep 13 01:13:46 Installed: alsa-lib-1.1.8-1.el7.x86_64
Sep 13 01:13:46 Installed: pciutils-libs-3.5.1-3.el7.x86_64
Sep 13 01:13:46 Installed: pciutils-3.5.1-3.el7.x86_64
Sep 13 01:13:47 Installed: pixman-0.34.0-1.el7.x86_64
Sep 13 01:13:48 Installed: cairo-1.15.12-4.el7.x86_64
Sep 13 01:13:48 Installed: libXinerama-1.1.3-2.1.el7.x86_64
Sep 13 01:13:49 Installed: time-1.7-45.el7.x86_64
Sep 13 01:13:49 Installed: xz-devel-5.2.2-1.el7.x86_64
Sep 13 01:13:49 Installed: libpipeline-1.2.3-3.el7.x86_64
Sep 13 01:13:50 Installed: libaio-0.3.109-13.el7.x86_64
Sep 13 01:13:51 Installed: fribidi-1.0.2-1.el7_7.1.x86_64
Sep 13 01:13:51 Installed: pango-1.42.4-4.el7_7.x86_64
Sep 13 01:13:52 Installed: liboath-2.6.2-1.el7.x86_64
Sep 13 01:13:52 Installed: tzdata-java-2020a-1.el7.noarch
Sep 13 01:13:53 Installed: fuse-libs-2.9.2-11.el7.x86_64
Sep 13 01:13:53 Installed: perl-Test-Harness-3.28-3.el7.noarch
Sep 13 01:13:53 Installed: automake-1.13.4-3.el7.noarch
Sep 13 01:13:54 Installed: librabbitmq-0.8.0-2.el7.x86_64
Sep 13 01:13:55 Installed: ed-1.9-4.el7.x86_64
Sep 13 01:13:55 Installed: jasper-libs-1.900.1-33.el7.x86_64
Sep 13 01:13:56 Installed: gdk-pixbuf2-2.36.12-3.el7.x86_64
Sep 13 01:13:56 Installed: gtk-update-icon-cache-3.22.30-5.el7.x86_64
Sep 13 01:13:56 Updated: ncurses-base-5.9-14.20130511.el7_4.noarch
Sep 13 01:13:57 Updated: ncurses-libs-5.9-14.20130511.el7_4.x86_64
Sep 13 01:13:58 Updated: python-libs-2.7.5-88.el7.x86_64
Sep 13 01:13:58 Updated: python-2.7.5-88.el7.x86_64
Sep 13 01:13:59 Installed: python-pillow-2.0.0-20.gitd1c6db8.el7_7.x86_64
Sep 13 01:13:59 Installed: python-docutils-0.11-0.3.20130715svn7687.el7.noarch
Sep 13 01:13:59 Installed: python-markupsafe-0.11-10.el7.x86_64
Sep 13 01:13:59 Installed: python-backports-1.0-8.el7.x86_64
Sep 13 01:13:59 Installed: python-babel-0.9.6-8.el7.noarch
Sep 13 01:13:59 Installed: python-jinja2-2.7.2-4.el7.noarch
Sep 13 01:13:59 Installed: python-IPy-0.75-6.el7.noarch
Sep 13 01:13:59 Installed: libselinux-python-2.5-15.el7.x86_64
Sep 13 01:13:59 Installed: audit-libs-python-2.8.5-4.el7.x86_64
Sep 13 01:13:59 Installed: libsemanage-python-2.5-14.el7.x86_64
Sep 13 01:13:59 Installed: python-ipaddress-1.0.16-2.el7.noarch
Sep 13 01:13:59 Installed: python-backports-ssl_match_hostname-3.5.0.1-1.el7.noarch
Sep 13 01:13:59 Installed: python-setuptools-0.9.8-7.el7.noarch
Sep 13 01:14:00 Installed: python-pygments-1.4-10.el7.noarch
Sep 13 01:14:00 Installed: pyparsing-1.5.6-9.el7.noarch
Sep 13 01:14:00 Installed: systemtap-sdt-devel-4.0-11.el7.x86_64
Sep 13 01:14:00 Installed: glib2-devel-2.56.1-5.el7.x86_64
Sep 13 01:14:00 Installed: python-lxml-3.2.1-4.el7.x86_64
Sep 13 01:14:00 Installed: python-javapackages-3.4.1-11.el7.noarch
Sep 13 01:14:00 Installed: javapackages-tools-3.4.1-11.el7.noarch
Sep 13 01:14:01 Installed: gettext-libs-0.19.8.1-3.el7.x86_64
Sep 13 01:14:01 Installed: gettext-0.19.8.1-3.el7.x86_64
Sep 13 01:14:02 Installed: bc-1.06.95-13.el7.x86_64
Sep 13 01:14:02 Installed: less-458-9.el7.x86_64
Sep 13 01:14:03 Installed: man-db-2.6.3-11.el7.x86_64
Sep 13 01:14:03 Installed: psmisc-22.20-16.el7.x86_64
Sep 13 01:14:03 Installed: hicolor-icon-theme-0.12-7.el7.noarch
Sep 13 01:14:04 Installed: gtk2-2.24.31-1.el7.x86_64
Sep 13 01:14:05 Installed: libXtst-1.2.3-1.el7.x86_64
Sep 13 01:14:06 Installed: giflib-4.1.6-9.el7.x86_64
Sep 13 01:14:06 Installed: keyutils-libs-devel-1.5.8-3.el7.x86_64
Sep 13 01:14:06 Installed: libsmartcols-2.23.2-63.el7.x86_64
Sep 13 01:14:07 Updated: util-linux-2.23.2-63.el7.x86_64
Sep 13 01:14:07 Installed: policycoreutils-2.5-34.el7.x86_64
Sep 13 01:14:07 Installed: policycoreutils-python-2.5-34.el7.x86_64
Sep 13 01:14:08 Installed: devtoolset-8-runtime-8.1-1.el7.x86_64
Sep 13 01:14:09 Installed: initscripts-9.49.49-1.el7.x86_64
Sep 13 01:14:09 Installed: rdma-core-22.4-4.el7_8.x86_64
Sep 13 01:14:10 Installed: libibverbs-22.4-4.el7_8.x86_64
Sep 13 01:14:10 Installed: libibumad-22.4-4.el7_8.x86_64
Sep 13 01:14:11 Installed: ibacm-22.4-4.el7_8.x86_64
Sep 13 01:14:12 Installed: librdmacm-22.4-4.el7_8.x86_64
Sep 13 01:14:13 Installed: cyrus-sasl-2.1.26-23.el7.x86_64
Sep 13 01:14:13 Installed: cyrus-sasl-devel-2.1.26-23.el7.x86_64
Sep 13 01:14:13 Installed: devtoolset-8-libstdc++-devel-8.3.1-3.2.el7.x86_64
Sep 13 01:14:15 Installed: devtoolset-8-binutils-2.30-55.el7.2.x86_64
Sep 13 01:14:16 Installed: selinux-policy-3.13.1-266.el7_8.1.noarch
Sep 13 01:14:16 Installed: policycoreutils-devel-2.5-34.el7.x86_64
Sep 13 01:14:17 Installed: selinux-policy-devel-3.13.1-266.el7_8.1.noarch
Sep 13 01:14:18 Installed: gperftools-libs-2.6.1-1.el7.x86_64
Sep 13 01:14:18 Installed: CUnit-2.1.3-13.el7.x86_64
Sep 13 01:14:19 Installed: pcsc-lite-libs-1.8.8-8.el7.x86_64
Sep 13 01:14:19 Installed: copy-jdk-configs-3.3-10.el7_5.noarch
Sep 13 01:14:24 Installed: 1:java-1.8.0-openjdk-headless-1.8.0.262.b10-0.el7_8.x86_64
Sep 13 01:14:25 Installed: 1:java-1.8.0-openjdk-1.8.0.262.b10-0.el7_8.x86_64
Sep 13 01:14:25 Installed: easymock2-2.5.2-12.el7.noarch
Sep 13 01:14:25 Installed: qdox-1.12.1-10.el7.noarch
Sep 13 01:14:25 Installed: hamcrest-1.3-6.el7.noarch
Sep 13 01:14:25 Installed: junit-4.11-8.el7.noarch
Sep 13 01:14:25 Installed: libverto-devel-0.2.5-4.el7.x86_64
Sep 13 01:14:25 Installed: krb5-devel-1.15.1-46.el7.x86_64
Sep 13 01:14:25 Installed: 1:openssl-devel-1.0.2k-19.el7.x86_64
Sep 13 01:14:27 Installed: 1:java-1.8.0-openjdk-devel-1.8.0.262.b10-0.el7_8.x86_64
Sep 13 01:14:27 Installed: CUnit-devel-2.1.3-13.el7.x86_64
Sep 13 01:14:27 Installed: gperftools-devel-2.6.1-1.el7.x86_64
Sep 13 01:14:27 Installed: openldap-devel-2.4.44-21.el7_6.x86_64
Sep 13 01:14:27 Installed: rdma-core-devel-22.4-4.el7_8.x86_64
Sep 13 01:14:27 Installed: redhat-lsb-core-4.1-27.el7.centos.1.x86_64
Sep 13 01:14:27 Installed: libbabeltrace-devel-1.2.4-3.el7.x86_64
Sep 13 01:14:27 Installed: lttng-ust-devel-2.4.1-4.el7.x86_64
Sep 13 01:14:27 Installed: python-sphinx-1.1.3-11.el7.noarch
Sep 13 01:14:27 Updated: libxml2-python-2.9.1-6.el7.4.x86_64
Sep 13 01:14:27 Installed: python-devel-2.7.5-88.el7.x86_64
Sep 13 01:14:28 Installed: libxml2-devel-2.9.1-6.el7.4.x86_64
Sep 13 01:14:28 Installed: python-prettytable-0.7.2-3.el7.noarch
Sep 13 01:14:28 Installed: Cython-0.19-5.el7.x86_64
Sep 13 01:14:29 Installed: parted-3.1-32.el7.x86_64
Sep 13 01:14:29 Installed: ncurses-devel-5.9-14.20130511.el7_4.x86_64
Sep 13 01:14:29 Updated: ncurses-5.9-14.20130511.el7_4.x86_64
Sep 13 01:14:29 Installed: librabbitmq-devel-0.8.0-2.el7.x86_64
Sep 13 01:14:30 Installed: libtool-2.4.2-22.el7_3.x86_64
Sep 13 01:14:30 Installed: fuse-devel-2.9.2-11.el7.x86_64
Sep 13 01:14:30 Installed: liboath-devel-2.6.2-1.el7.x86_64
Sep 13 01:14:30 Installed: libaio-devel-0.3.109-13.el7.x86_64
Sep 13 01:14:30 Installed: 1:valgrind-devel-3.15.0-11.el7.x86_64
Sep 13 01:14:30 Installed: systemd-devel-219-73.el7_8.9.x86_64
Sep 13 01:14:30 Installed: cryptsetup-2.0.3-6.el7.x86_64
Sep 13 01:14:30 Updated: curl-7.29.0-57.el7_8.1.x86_64
Sep 13 01:14:30 Installed: libcurl-devel-7.29.0-57.el7_8.1.x86_64
Sep 13 01:14:30 Installed: xfsprogs-devel-4.5.0-20.el7.x86_64
Sep 13 01:14:30 Installed: librdkafka-devel-0.11.5-1.el7.x86_64
Sep 13 01:14:30 Installed: libnl3-devel-3.2.28-4.el7.x86_64
Sep 13 01:14:30 Installed: nss-devel-3.44.0-7.el7_7.x86_64
Sep 13 01:14:31 Installed: sudo-1.8.23-9.el7.x86_64
Sep 13 01:14:31 Installed: leveldb-devel-1.12.0-11.el7.x86_64
Sep 13 01:14:31 Installed: snappy-devel-1.1.0-3.el7.x86_64
Sep 13 01:14:31 Installed: expat-devel-2.1.0-11.el7.x86_64
Sep 13 01:14:31 Installed: libblkid-devel-2.23.2-63.el7.x86_64
Sep 13 01:14:31 Installed: xmlstarlet-1.6.1-1.el7.x86_64
Sep 13 01:14:31 Installed: lz4-devel-1.7.5-3.el7.x86_64
Sep 13 01:14:32 Updated: libss-1.42.9-17.el7.x86_64
Sep 13 01:14:32 Installed: libcap-ng-devel-0.7.5-4.el7.x86_64
Sep 13 01:14:32 Installed: boost-random-1.53.0-28.el7.x86_64
Sep 13 01:14:33 Installed: sharutils-4.13.3-8.el7.x86_64
Sep 13 01:14:33 Installed: yasm-1.2.0-4.el7.x86_64
Sep 13 01:14:34 Installed: python36-Cython-0.28.5-1.el7.x86_64
Sep 13 01:14:34 Installed: gperf-3.0.4-8.el7.x86_64
Sep 13 01:14:37 Installed: devtoolset-8-gcc-8.3.1-3.2.el7.x86_64
Sep 13 01:14:38 Installed: devtoolset-8-gcc-c++-8.3.1-3.2.el7.x86_64
